    Finished `dev` profile [unoptimized + debuginfo] target(s) in 0.13s
     Running `target/debug/bioconda2rpm build --recipe-root ../bioconda-recipes/recipes sra-tools`
build package=sra-tools stage=Rpm with_deps=true policy=BuildHostRun recipe_root=../bioconda-recipes/recipes topdir=/Users/stephen/bioconda2rpm bad_spec_dir=/Users/stephen/bioconda2rpm/BAD_SPEC reports_dir=/Users/stephen/bioconda2rpm/reports container_mode=Ephemeral container_image=dropworm_dev_almalinux_9_5:0.1.2 container_engine=docker arch=Host target_arch=aarch64 deployment_profile=Development naming=Phoreus render=JinjaFull metadata_adapter=Auto effective_metadata_adapter=Auto kpi_gate=false kpi_min_success_rate=99.00 outputs=All missing_dependency=Quarantine phoreus_local_repo_count=0 phoreus_core_repo_count=0
progress phase=build-start package=sra-tools deps_enabled=true dependency_policy=BuildHostRun recipe_root=../bioconda-recipes/recipes topdir=/Users/stephen/bioconda2rpm target_arch=aarch64 deployment_profile=Development metadata_adapter=Auto
progress phase=recipe-discovery status=completed recipe_count=10417 elapsed=0s
progress phase=metadata-adapter status=fallback recipe=sra-tools from=conda to=native reason=conda render adapter failed (status: exit status: 2) stdout= stderr=conda-build import failed: No module named 'conda_build'
progress phase=metadata-adapter status=fallback recipe=sra-tools from=conda to=native reason=conda render adapter failed (status: exit status: 2) stdout= stderr=conda-build import failed: No module named 'conda_build'
progress phase=dependency action=scan package=sra-tools selected_count=12 policy=BuildHostRun is_root=true
progress phase=dependency action=follow from=sra-tools to=bison
progress phase=dependency action=unresolved from=sra-tools to=bison
progress phase=dependency action=follow from=sra-tools to=ca-certificates
progress phase=dependency action=unresolved from=sra-tools to=ca-certificates
progress phase=dependency action=follow from=sra-tools to=cmake
progress phase=dependency action=unresolved from=sra-tools to=cmake
progress phase=dependency action=follow from=sra-tools to=curl
progress phase=dependency action=unresolved from=sra-tools to=curl
progress phase=dependency action=follow from=sra-tools to=flex
progress phase=dependency action=unresolved from=sra-tools to=flex
progress phase=dependency action=follow from=sra-tools to=gcc-c++
progress phase=dependency action=unresolved from=sra-tools to=gcc-c++
progress phase=dependency action=follow from=sra-tools to=make
progress phase=dependency action=unresolved from=sra-tools to=make
progress phase=dependency action=follow from=sra-tools to=ncbi-vdb
progress phase=metadata-adapter status=fallback recipe=ncbi-vdb from=conda to=native reason=conda render adapter failed (status: exit status: 2) stdout= stderr=conda-build import failed: No module named 'conda_build'
progress phase=dependency action=scan package=ncbi-vdb selected_count=5 policy=BuildHostRun is_root=false
progress phase=dependency action=follow from=ncbi-vdb to=bison
progress phase=dependency action=unresolved from=ncbi-vdb to=bison
progress phase=dependency action=follow from=ncbi-vdb to=cmake
progress phase=dependency action=unresolved from=ncbi-vdb to=cmake
progress phase=dependency action=follow from=ncbi-vdb to=flex
progress phase=dependency action=unresolved from=ncbi-vdb to=flex
progress phase=dependency action=follow from=ncbi-vdb to=gcc-c++
progress phase=dependency action=unresolved from=ncbi-vdb to=gcc-c++
progress phase=dependency action=follow from=ncbi-vdb to=make
progress phase=dependency action=unresolved from=ncbi-vdb to=make
progress phase=dependency action=follow from=sra-tools to=ossuuid
progress phase=dependency action=unresolved from=sra-tools to=ossuuid
progress phase=dependency action=follow from=sra-tools to=perl
progress phase=dependency action=unresolved from=sra-tools to=perl
progress phase=dependency action=follow from=sra-tools to=perl-uri
progress phase=dependency action=unresolved from=sra-tools to=perl-uri
progress phase=dependency action=follow from=sra-tools to=perl-xml-libxml
progress phase=metadata-adapter status=fallback recipe=perl-xml-libxml from=conda to=native reason=conda render adapter failed (status: exit status: 2) stdout= stderr=conda-build import failed: No module named 'conda_build'
progress phase=dependency action=scan package=perl-xml-libxml selected_count=11 policy=BuildHostRun is_root=false
progress phase=dependency action=follow from=perl-xml-libxml to=gcc
progress phase=dependency action=unresolved from=perl-xml-libxml to=gcc
progress phase=dependency action=follow from=perl-xml-libxml to=libiconv
progress phase=dependency action=unresolved from=perl-xml-libxml to=libiconv
progress phase=dependency action=follow from=perl-xml-libxml to=libxml2
progress phase=dependency action=unresolved from=perl-xml-libxml to=libxml2
progress phase=dependency action=follow from=perl-xml-libxml to=make
progress phase=dependency action=unresolved from=perl-xml-libxml to=make
progress phase=dependency action=follow from=perl-xml-libxml to=perl
progress phase=dependency action=unresolved from=perl-xml-libxml to=perl
progress phase=dependency action=follow from=perl-xml-libxml to=perl-alien-build
progress phase=metadata-adapter status=fallback recipe=perl-alien-build from=conda to=native reason=conda render adapter failed (status: exit status: 2) stdout= stderr=conda-build import failed: No module named 'conda_build'
progress phase=dependency action=scan package=perl-alien-build selected_count=11 policy=BuildHostRun is_root=false
progress phase=dependency action=follow from=perl-alien-build to=autoconf
progress phase=dependency action=unresolved from=perl-alien-build to=autoconf
progress phase=dependency action=follow from=perl-alien-build to=automake
progress phase=dependency action=unresolved from=perl-alien-build to=automake
progress phase=dependency action=follow from=perl-alien-build to=gcc
progress phase=dependency action=unresolved from=perl-alien-build to=gcc
progress phase=dependency action=follow from=perl-alien-build to=make
progress phase=dependency action=unresolved from=perl-alien-build to=make
progress phase=dependency action=follow from=perl-alien-build to=perl
progress phase=dependency action=unresolved from=perl-alien-build to=perl
progress phase=dependency action=follow from=perl-alien-build to=perl-capture-tiny
progress phase=dependency action=unresolved from=perl-alien-build to=perl-capture-tiny
progress phase=dependency action=follow from=perl-alien-build to=perl-ffi-checklib
progress phase=metadata-adapter status=fallback recipe=perl-ffi-checklib from=conda to=native reason=conda render adapter failed (status: exit status: 2) stdout= stderr=conda-build import failed: No module named 'conda_build'
progress phase=dependency action=scan package=perl-ffi-checklib selected_count=4 policy=BuildHostRun is_root=false
progress phase=dependency action=follow from=perl-ffi-checklib to=make
progress phase=dependency action=unresolved from=perl-ffi-checklib to=make
progress phase=dependency action=follow from=perl-ffi-checklib to=perl
progress phase=dependency action=unresolved from=perl-ffi-checklib to=perl
progress phase=dependency action=follow from=perl-ffi-checklib to=perl-file-which
progress phase=dependency action=unresolved from=perl-ffi-checklib to=perl-file-which
progress phase=dependency action=follow from=perl-ffi-checklib to=perl-test2-suite
progress phase=metadata-adapter status=fallback recipe=perl-test2-suite from=conda to=native reason=conda render adapter failed (status: exit status: 2) stdout= stderr=conda-build import failed: No module named 'conda_build'
progress phase=dependency action=scan package=perl-test2-suite selected_count=8 policy=BuildHostRun is_root=false
progress phase=dependency action=follow from=perl-test2-suite to=make
progress phase=dependency action=unresolved from=perl-test2-suite to=make
progress phase=dependency action=follow from=perl-test2-suite to=perl
progress phase=dependency action=unresolved from=perl-test2-suite to=perl
progress phase=dependency action=skip from=perl-test2-suite to=perl-importer reason=perl-core-system-provided
progress phase=dependency action=follow from=perl-test2-suite to=perl-module-pluggable
progress phase=dependency action=unresolved from=perl-test2-suite to=perl-module-pluggable
progress phase=dependency action=follow from=perl-test2-suite to=perl-scope-guard
progress phase=dependency action=unresolved from=perl-test2-suite to=perl-scope-guard
progress phase=dependency action=follow from=perl-test2-suite to=perl-sub-info
progress phase=dependency action=unresolved from=perl-test2-suite to=perl-sub-info
progress phase=dependency action=follow from=perl-test2-suite to=perl-term-table
progress phase=metadata-adapter status=fallback recipe=perl-term-table from=conda to=native reason=conda render adapter failed (status: exit status: 2) stdout= stderr=conda-build import failed: No module named 'conda_build'
progress phase=dependency action=scan package=perl-term-table selected_count=7 policy=BuildHostRun is_root=false
progress phase=dependency action=follow from=perl-term-table to=make
progress phase=dependency action=unresolved from=perl-term-table to=make
progress phase=dependency action=follow from=perl-term-table to=perl
progress phase=dependency action=unresolved from=perl-term-table to=perl
progress phase=dependency action=skip from=perl-term-table to=perl-carp reason=perl-core-system-provided
progress phase=dependency action=skip from=perl-term-table to=perl-extutils-makemaker reason=perl-core-system-provided
progress phase=dependency action=skip from=perl-term-table to=perl-importer reason=perl-core-system-provided
progress phase=dependency action=skip from=perl-term-table to=perl-module-build reason=perl-core-system-provided
progress phase=dependency action=skip from=perl-term-table to=perl-test-simple reason=perl-core-system-provided
progress phase=dependency action=skip from=perl-test2-suite to=perl-test-simple reason=perl-core-system-provided
progress phase=dependency action=follow from=perl-alien-build to=perl-file-chdir
progress phase=dependency action=unresolved from=perl-alien-build to=perl-file-chdir
progress phase=dependency action=follow from=perl-alien-build to=perl-file-which
progress phase=dependency action=unresolved from=perl-alien-build to=perl-file-which
progress phase=dependency action=follow from=perl-alien-build to=perl-path-tiny
progress phase=dependency action=unresolved from=perl-alien-build to=perl-path-tiny
progress phase=dependency action=follow from=perl-alien-build to=perl-test2-suite
progress phase=metadata-adapter status=fallback recipe=perl-test2-suite from=conda to=native reason=conda render adapter failed (status: exit status: 2) stdout= stderr=conda-build import failed: No module named 'conda_build'
progress phase=dependency action=follow from=perl-xml-libxml to=perl-alien-libxml2
progress phase=metadata-adapter status=fallback recipe=perl-alien-libxml2 from=conda to=native reason=conda render adapter failed (status: exit status: 2) stdout= stderr=conda-build import failed: No module named 'conda_build'
progress phase=dependency action=scan package=perl-alien-libxml2 selected_count=13 policy=BuildHostRun is_root=false
progress phase=dependency action=follow from=perl-alien-libxml2 to=gcc
progress phase=dependency action=unresolved from=perl-alien-libxml2 to=gcc
progress phase=dependency action=follow from=perl-alien-libxml2 to=libiconv
progress phase=dependency action=unresolved from=perl-alien-libxml2 to=libiconv
progress phase=dependency action=follow from=perl-alien-libxml2 to=libxml2
progress phase=dependency action=unresolved from=perl-alien-libxml2 to=libxml2
progress phase=dependency action=follow from=perl-alien-libxml2 to=make
progress phase=dependency action=unresolved from=perl-alien-libxml2 to=make
progress phase=dependency action=follow from=perl-alien-libxml2 to=perl
progress phase=dependency action=unresolved from=perl-alien-libxml2 to=perl
progress phase=dependency action=follow from=perl-alien-libxml2 to=perl-alien-build
progress phase=metadata-adapter status=fallback recipe=perl-alien-build from=conda to=native reason=conda render adapter failed (status: exit status: 2) stdout= stderr=conda-build import failed: No module named 'conda_build'
progress phase=dependency action=follow from=perl-alien-libxml2 to=perl-alien-build-plugin-download-gitlab
progress phase=metadata-adapter status=fallback recipe=perl-alien-build-plugin-download-gitlab from=conda to=native reason=conda render adapter failed (status: exit status: 2) stdout= stderr=conda-build import failed: No module named 'conda_build'
progress phase=dependency action=scan package=perl-alien-build-plugin-download-gitlab selected_count=6 policy=BuildHostRun is_root=false
progress phase=dependency action=follow from=perl-alien-build-plugin-download-gitlab to=make
progress phase=dependency action=unresolved from=perl-alien-build-plugin-download-gitlab to=make
progress phase=dependency action=follow from=perl-alien-build-plugin-download-gitlab to=perl
progress phase=dependency action=unresolved from=perl-alien-build-plugin-download-gitlab to=perl
progress phase=dependency action=follow from=perl-alien-build-plugin-download-gitlab to=perl-alien-build
progress phase=metadata-adapter status=fallback recipe=perl-alien-build from=conda to=native reason=conda render adapter failed (status: exit status: 2) stdout= stderr=conda-build import failed: No module named 'conda_build'
progress phase=dependency action=follow from=perl-alien-build-plugin-download-gitlab to=perl-path-tiny
progress phase=dependency action=unresolved from=perl-alien-build-plugin-download-gitlab to=perl-path-tiny
progress phase=dependency action=follow from=perl-alien-build-plugin-download-gitlab to=perl-test2-suite
progress phase=metadata-adapter status=fallback recipe=perl-test2-suite from=conda to=native reason=conda render adapter failed (status: exit status: 2) stdout= stderr=conda-build import failed: No module named 'conda_build'
progress phase=dependency action=follow from=perl-alien-build-plugin-download-gitlab to=perl-uri
progress phase=dependency action=unresolved from=perl-alien-build-plugin-download-gitlab to=perl-uri
progress phase=dependency action=follow from=perl-alien-libxml2 to=perl-mozilla-ca
progress phase=metadata-adapter status=fallback recipe=perl-mozilla-ca from=conda to=native reason=conda render adapter failed (status: exit status: 2) stdout= stderr=conda-build import failed: No module named 'conda_build'
progress phase=dependency action=scan package=perl-mozilla-ca selected_count=4 policy=BuildHostRun is_root=false
progress phase=dependency action=follow from=perl-mozilla-ca to=make
progress phase=dependency action=unresolved from=perl-mozilla-ca to=make
progress phase=dependency action=follow from=perl-mozilla-ca to=perl
progress phase=dependency action=unresolved from=perl-mozilla-ca to=perl
progress phase=dependency action=skip from=perl-mozilla-ca to=perl-extutils-makemaker reason=perl-core-system-provided
progress phase=dependency action=skip from=perl-mozilla-ca to=perl-test reason=perl-core-system-provided
progress phase=dependency action=follow from=perl-alien-libxml2 to=perl-net-ssleay
progress phase=dependency action=unresolved from=perl-alien-libxml2 to=perl-net-ssleay
progress phase=dependency action=follow from=perl-alien-libxml2 to=perl-test2-suite
progress phase=metadata-adapter status=fallback recipe=perl-test2-suite from=conda to=native reason=conda render adapter failed (status: exit status: 2) stdout= stderr=conda-build import failed: No module named 'conda_build'
progress phase=dependency action=follow from=perl-alien-libxml2 to=pkg-config
progress phase=dependency action=unresolved from=perl-alien-libxml2 to=pkg-config
progress phase=dependency action=follow from=perl-alien-libxml2 to=xz
progress phase=dependency action=unresolved from=perl-alien-libxml2 to=xz
progress phase=dependency action=follow from=perl-alien-libxml2 to=zlib
progress phase=dependency action=unresolved from=perl-alien-libxml2 to=zlib
progress phase=dependency action=follow from=perl-xml-libxml to=perl-xml-namespacesupport
progress phase=dependency action=unresolved from=perl-xml-libxml to=perl-xml-namespacesupport
progress phase=dependency action=follow from=perl-xml-libxml to=perl-xml-sax
progress phase=dependency action=unresolved from=perl-xml-libxml to=perl-xml-sax
progress phase=dependency action=follow from=perl-xml-libxml to=xz
progress phase=dependency action=unresolved from=perl-xml-libxml to=xz
progress phase=dependency action=follow from=perl-xml-libxml to=zlib
progress phase=dependency action=unresolved from=perl-xml-libxml to=zlib
progress phase=dependency-plan status=completed package=sra-tools planned_nodes=10 order=ncbi-vdb->perl-term-table->perl-test2-suite->perl-ffi-checklib->perl-alien-build->perl-alien-build-plugin-download-gitlab->perl-mozilla-ca->perl-alien-libxml2->perl-xml-libxml->sra-tools
progress phase=package status=started index=1/10 package=ncbi-vdb
progress phase=metadata-adapter status=fallback recipe=ncbi-vdb from=conda to=native reason=conda render adapter failed (status: exit status: 2) stdout= stderr=conda-build import failed: No module named 'conda_build'
progress phase=package status=up-to-date package=ncbi-vdb elapsed=0s reason=already up-to-date: bioconda version 3.3.0 already built (latest local payload version 3.3.0)
progress phase=package status=started index=2/10 package=perl-term-table
progress phase=metadata-adapter status=fallback recipe=perl-term-table from=conda to=native reason=conda render adapter failed (status: exit status: 2) stdout= stderr=conda-build import failed: No module named 'conda_build'
progress phase=package status=up-to-date package=perl-term-table elapsed=0s reason=already up-to-date: bioconda version 0.028 already built (latest local payload version 0.028)
progress phase=package status=started index=3/10 package=perl-test2-suite
progress phase=metadata-adapter status=fallback recipe=perl-test2-suite from=conda to=native reason=conda render adapter failed (status: exit status: 2) stdout= stderr=conda-build import failed: No module named 'conda_build'
progress phase=container-build status=queued label=perl-test2-suite spec=phoreus-perl-test2-suite.spec image=dropworm_dev_almalinux_9_5:0.1.2
progress phase=container-build status=started label=perl-test2-suite spec=phoreus-perl-test2-suite.spec attempt=1 image=dropworm_dev_almalinux_9_5:0.1.2
progress phase=container-build status=finished label=perl-test2-suite spec=phoreus-perl-test2-suite.spec attempt=1 elapsed=45s exit=exit status: 11
progress phase=dependency-resolution spec=phoreus-perl-test2-suite.spec total_events=10 unresolved=0 graph_md=/Users/stephen/bioconda2rpm/reports/dependency_graphs/perl-test2-suite.md graph_json=/Users/stephen/bioconda2rpm/reports/dependency_graphs/perl-test2-suite.json
progress phase=container-build status=failed label=perl-test2-suite spec=phoreus-perl-test2-suite.spec elapsed=45s arch_policy=unknown failure_hint=Downloading: https://cpan.metacpan.org/authors/id/E/EX/EXODIST/Test2-Suite-0.000163.tar.gz | File '/work/SOURCES/Test2-Suite-0.000163.tar.gz' already present. | setting SOURCE_DATE_EPOCH=1772236800 | Wrote: /work/.build-work/perl-test2-suite/SRPMS/phoreus-perl-test2-suite-0.00016...
progress phase=package status=quarantined package=perl-test2-suite elapsed=45s reason=payload spec build failed in container: container build chain failed for phoreus-perl-test2-suite.spec (exit status: exit status: 11) elapsed=45s arch_policy=unknown log=/Users/stephen/bioconda2rpm/reports/build_logs/perl-test2-suite.log ta...
progress phase=package status=started index=4/10 package=perl-ffi-checklib
progress phase=package status=quarantined package=perl-ffi-checklib blocked_by=perl-test2-suite reason=blocked by unresolved bioconda dependencies: perl-test2-suite
progress phase=package status=started index=5/10 package=perl-alien-build
progress phase=package status=quarantined package=perl-alien-build blocked_by=perl-ffi-checklib,perl-test2-suite reason=blocked by unresolved bioconda dependencies: perl-ffi-checklib, perl-test2-suite
progress phase=package status=started index=6/10 package=perl-alien-build-plugin-download-gitlab
progress phase=package status=quarantined package=perl-alien-build-plugin-download-gitlab blocked_by=perl-alien-build,perl-test2-suite reason=blocked by unresolved bioconda dependencies: perl-alien-build, perl-test2-suite
progress phase=package status=started index=7/10 package=perl-mozilla-ca
progress phase=metadata-adapter status=fallback recipe=perl-mozilla-ca from=conda to=native reason=conda render adapter failed (status: exit status: 2) stdout= stderr=conda-build import failed: No module named 'conda_build'
progress phase=package status=up-to-date package=perl-mozilla-ca elapsed=0s reason=already up-to-date: bioconda version 20250602 already built (latest local payload version 20250602)
progress phase=package status=started index=8/10 package=perl-alien-libxml2
progress phase=package status=quarantined package=perl-alien-libxml2 blocked_by=perl-alien-build,perl-alien-build-plugin-download-gitlab,perl-test2-suite reason=blocked by unresolved bioconda dependencies: perl-alien-build, perl-alien-build-plugin-download-gitlab, perl-test2-suite
progress phase=package status=started index=9/10 package=perl-xml-libxml
progress phase=package status=quarantined package=perl-xml-libxml blocked_by=perl-alien-build,perl-alien-libxml2 reason=blocked by unresolved bioconda dependencies: perl-alien-build, perl-alien-libxml2
progress phase=package status=started index=10/10 package=sra-tools
progress phase=package status=quarantined package=sra-tools blocked_by=perl-xml-libxml reason=blocked by unresolved bioconda dependencies: perl-xml-libxml
progress phase=report status=written report_json=/Users/stephen/bioconda2rpm/reports/build_sra-tools.json report_csv=/Users/stephen/bioconda2rpm/reports/build_sra-tools.csv report_md=/Users/stephen/bioconda2rpm/reports/build_sra-tools.md
progress phase=kpi status=computed scope_entries=7 excluded_arch=0 denominator=7 successes=0 success_rate=0.00
progress phase=build status=completed requested=10 generated=0 up_to_date=3 skipped=0 quarantined=7 elapsed=45s
build requested=10 generated=0 up_to_date=3 skipped=0 quarantined=7 kpi_scope_entries=7 kpi_excluded_arch=0 kpi_denominator=7 kpi_successes=0 kpi_success_rate=0.00% order=ncbi-vdb->perl-term-table->perl-test2-suite->perl-ffi-checklib->perl-alien-build->perl-alien-build-plugin-download-gitlab->perl-mozilla-ca->perl-alien-libxml2->perl-xml-libxml->sra-tools report_json=/Users/stephen/bioconda2rpm/reports/build_sra-tools.json report_csv=/Users/stephen/bioconda2rpm/reports/build_sra-tools.csv report_md=/Users/stephen/bioconda2rpm/reports/build_sra-tools.md
